[2026-02-22 16:10:07] [INFO    ] discord.client: logging in using static token
[2026-02-22 16:10:08] [DEBUG   ] discord.http: GET https://discord.com/api/v10/users/@me with None has returned 200
[2026-02-22 16:10:08] [DEBUG   ] discord.http: GET /users/@me has found its initial rate limit bucket hash (78bb8553d9352a5a2f89f9def401287a).
[2026-02-22 16:10:08] [DEBUG   ] discord.http: GET https://discord.com/api/v10/users/@me has received {'id': '1081959306339033228', 'username': 'Praseodymium‚Äìnickel (PrNi5)', 'avatar': 'd6a2579e6b54740938d4c23c74851289', 'discriminator': '7897', 'public_flags': 0, 'flags': 0, 'bot': True, 'banner': 'd72a4432879ed9a984f3d3bf3bd6b137', 'accent_color': None, 'global_name': None, 'avatar_decoration_data': None, 'collectibles': None, 'display_name_styles': None, 'banner_color': None, 'clan': None, 'primary_guild': None, 'mfa_enabled': False, 'locale': 'en-US', 'premium_type': 0, 'email': None, 'verified': True, 'bio': ''}
[2026-02-22 16:10:08] [DEBUG   ] discord.http: GET https://discord.com/api/v10/oauth2/applications/@me with None has returned 200
[2026-02-22 16:10:08] [DEBUG   ] discord.http: GET /oauth2/applications/@me has found its initial rate limit bucket hash (d28a133af187e91d71d96a223467ce49).
[2026-02-22 16:10:08] [DEBUG   ] discord.http: GET https://discord.com/api/v10/oauth2/applications/@me has received {'id': '1081959306339033228', 'name': 'Praseodymium‚Äìnickel (PrNi5)', 'icon': 'd6a2579e6b54740938d4c23c74851289', 'description': '', 'type': None, 'bot': {'id': '1081959306339033228', 'username': 'Praseodymium‚Äìnickel (PrNi5)', 'avatar': 'd6a2579e6b54740938d4c23c74851289', 'discriminator': '7897', 'public_flags': 0, 'flags': 0, 'bot': True, 'banner': 'd72a4432879ed9a984f3d3bf3bd6b137', 'accent_color': None, 'global_name': None, 'avatar_decoration_data': None, 'collectibles': None, 'display_name_styles': None, 'banner_color': None, 'clan': None, 'primary_guild': None}, 'summary': '', 'is_monetized': False, 'is_verified': False, 'is_discoverable': False, 'bot_public': False, 'bot_require_code_grant': False, 'integration_types_config': {'0': {}, '1': {}}, 'verify_key': '08cbb5409715a8f7c7d4aa1fd706a0946ef700664a08c7749b6decb339bed21d', 'flags': 557056, 'hook': True, 'storefront_available': False, 'redirect_uris': [], 'interactions_endpoint_url': None, 'role_connections_verification_url': None, 'owner': {'id': '896694238933291008', 'username': 'leaveorillnuke', 'avatar': '2a03d5308eee0b0ddd7279042dc31eb0', 'discriminator': '0', 'public_flags': 0, 'flags': 0, 'banner': None, 'accent_color': 13902447, 'global_name': 'tatatatatatata kururi', 'avatar_decoration_data': None, 'collectibles': None, 'display_name_styles': None, 'banner_color': '#d4226f', 'clan': {'identity_guild_id': '1009525727504384150', 'identity_enabled': None, 'tag': None, 'badge': None}, 'primary_guild': {'identity_guild_id': '1009525727504384150', 'identity_enabled': None, 'tag': None, 'badge': None}}, 'approximate_guild_count': 1, 'approximate_user_install_count': 0, 'approximate_user_authorization_count': 0, 'interactions_event_types': [], 'interactions_version': 1, 'explicit_content_filter': 0, 'rpc_application_state': 0, 'store_application_state': 1, 'verification_state': 1, 'integration_public': False, 'integration_require_code_grant': False, 'discoverability_state': 1, 'discovery_eligibility_flags': 192, 'monetization_state': 1, 'verification_eligibility_flags': 90908, 'monetization_eligibility_flags': 181988, 'bot_approximate_guild_count': 1, 'team': None, 'internal_guild_restriction': 1, 'approved_consoles': [], 'pricing_localization_strategy': 'localized_price_sets'}
[2026-02-22 16:10:09] [DEBUG   ] discord.gateway: Created websocket connected to wss://gateway.discord.gg/
[2026-02-22 16:10:09] [DEBUG   ] discord.gateway: For Shard ID None: WebSocket Event: {'t': None, 's': None, 'op': 10, 'd': {'heartbeat_interval': 41250, '_trace': ['["gateway-prd-arm-us-east1-c-75xv",{"micros":0.0}]']}}
[2026-02-22 16:10:09] [DEBUG   ] discord.gateway: Shard ID None has sent the IDENTIFY payload.
[2026-02-22 16:10:09] [DEBUG   ] discord.gateway: For Shard ID None: WebSocket Event: {'t': None, 's': None, 'op': 11, 'd': None}
[2026-02-22 16:10:09] [DEBUG   ] discord.gateway: For Shard ID None: WebSocket Event: {'t': 'READY', 's': 1, 'op': 0, 'd': {'v': 10, 'user_settings': {}, 'user': {'verified': True, 'username': 'Praseodymium‚Äìnickel (PrNi5)', 'primary_guild': None, 'mfa_enabled': False, 'id': '1081959306339033228', 'global_name': None, 'flags': 0, 'email': None, 'discriminator': '7897', 'clan': None, 'bot': True, 'avatar': 'd6a2579e6b54740938d4c23c74851289'}, 'session_type': 'normal', 'session_id': '1358b1739cb9e1b8e433e071aee48ef4', 'resume_gateway_url': 'wss://gateway-us-east1-c.discord.gg', 'relationships': [], 'private_channels': [], 'presences': [], 'guilds': [{'unavailable': True, 'id': '1368864187341865010'}], 'guild_join_requests': [], 'geo_ordered_rtc_regions': ['hongkong', 'singapore', 'jakarta', 'india', 'japan'], 'game_relationships': [], 'auth': {}, 'application': {'id': '1081959306339033228', 'flags': 557056}, '_trace': ['["gateway-prd-arm-us-east1-c-75xv",{"micros":100706,"calls":["id_created",{"micros":559,"calls":[]},"session_lookup_time",{"micros":927,"calls":[]},"session_lookup_finished",{"micros":9,"calls":[]},"discord-sessions-prd-2-89",{"micros":98967,"calls":["start_session",{"micros":82422,"calls":["discord-api-rpc-bfcc4869-4rm67",{"micros":33173,"calls":["get_user",{"micros":9245},"get_guilds",{"micros":7324},"send_scheduled_deletion_message",{"micros":13},"guild_join_requests",{"micros":756},"authorized_ip_coro",{"micros":7},"pending_payments",{"micros":1290},"apex_experiments",{"micros":41964},"sessions_experiments",{"micros":5},"user_activities",{"micros":4},"played_application_ids",{"micros":11},"linked_users",{"micros":3},"ad_personalization_toggles_disabled",{"micros":3},"regional_feature_config",{"micros":3}]}]},"starting_guild_connect",{"micros":63,"calls":[]},"presence_started",{"micros":328,"calls":[]},"guilds_started",{"micros":69,"calls":[]},"lobbies_started",{"micros":2,"calls":[]},"guilds_connect",{"micros":1,"calls":[]},"presence_connect",{"micros":16054,"calls":[]},"connect_finished",{"micros":16068,"calls":[]},"build_ready",{"micros":13,"calls":[]},"clean_ready",{"micros":1,"calls":[]},"optimize_ready",{"micros":0,"calls":[]},"split_ready",{"micros":0,"calls":[]}]}]}]']}}
[2026-02-22 16:10:09] [DEBUG   ] discord.client: Dispatching event socket_event_type
[2026-02-22 16:10:09] [INFO    ] discord.gateway: Shard ID None has connected to Gateway (Session ID: 1358b1739cb9e1b8e433e071aee48ef4).
[2026-02-22 16:10:09] [DEBUG   ] discord.client: Dispatching event connect
[2026-02-22 16:10:09] [DEBUG   ] discord.gateway: For Shard ID None: WebSocket Event: {'t': 'GUILD_CREATE', 's': 2, 'op': 0, 'd': {'afk_channel_id': None, 'max_members': 25000000, 'guild_scheduled_events': [], 'max_video_channel_users': 25, 'hub_type': None, 'public_updates_channel_id': None, 'large': False, 'latest_onboarding_question_id': None, 'inventory_settings': None, 'premium_progress_bar_enabled_user_updated_at': None, 'profile': None, 'premium_tier': 0, 'system_channel_id': '1368864187341865013', 'moderator_reporting': None, 'premium_subscription_count': 0, 'vanity_url_code': None, 'unavailable': False, 'presences': [], 'icon': '9c8e186a84abe305f8d9a97624dfb4c0', 'id': '1368864187341865010', 'nsfw_level': 0, 'name': 'Material Science Labüß™', 'banner': None, 'soundboard_sounds': [], 'home_header': None, 'application_id': None, 'members': [{'user': {'username': 'Praseodymium‚Äìnickel (PrNi5)', 'public_flags': 0, 'primary_guild': None, 'id': '1081959306339033228', 'global_name': None, 'display_name_styles': None, 'display_name': None, 'discriminator': '7897', 'collectibles': None, 'bot': True, 'avatar_decoration_data': None, 'avatar': 'd6a2579e6b54740938d4c23c74851289'}, 'roles': ['1369189908383531071'], 'premium_since': None, 'pending': False, 'nick': None, 'mute': False, 'joined_at': '2025-05-06T05:51:52.572000+00:00', 'flags': 0, 'deaf': False, 'communication_disabled_until': None, 'banner': None, 'avatar': None}], 'embedded_activities': [], 'premium_features': None, 'threads': [], 'channels': [{'version': 1754564961398, 'type': 4, 'position': 1, 'permission_overwrites': [], 'name': 'GENERAL CHATüìö', 'id': '1368864187341865011', 'flags': 0}, {'version': 1754564889995, 'type': 4, 'position': 2, 'permission_overwrites': [], 'name': 'VOICE CHATüîä', 'id': '1368864187341865012', 'flags': 0}, {'version': 1756732149012, 'type': 0, 'topic': None, 'rate_limit_per_user': 0, 'position': 1, 'permission_overwrites': [{'type': 0, 'id': '1368864187341865010', 'deny': '633577201348689', 'allow': '1126726688163840'}], 'parent_id': '1368864187341865011', 'name': 'open-testing-labüî¨', 'last_message_id': '1447469736001671273', 'id': '1368864187341865013', 'icon_emoji': {'name': 'üëã', 'id': None}, 'flags': 0}, {'version': 1754541067790, 'user_limit': 0, 'type': 2, 'rtc_region': None, 'rate_limit_per_user': 0, 'position': 0, 'permission_overwrites': [], 'parent_id': '1368864187341865012', 'name': 'Meeting room 1', 'last_message_id': None, 'id': '1368864187866026034', 'icon_emoji': {'name': 'üéô', 'id': None}, 'flags': 0, 'bitrate': 64000}, {'version': 1754541078921, 'user_limit': 0, 'type': 2, 'rtc_region': None, 'rate_limit_per_user': 0, 'position': 1, 'permission_overwrites': [], 'parent_id': '1368864187341865012', 'name': 'Meeting room 2', 'last_message_id': None, 'id': '1368875472942927943', 'flags': 0, 'bitrate': 64000}, {'version': 1754541087562, 'user_limit': 0, 'type': 2, 'rtc_region': None, 'rate_limit_per_user': 0, 'position': 2, 'permission_overwrites': [], 'parent_id': '1368864187341865012', 'name': 'Meeting room 3', 'last_message_id': None, 'id': '1368875546762678356', 'flags': 0, 'bitrate': 64000}, {'version': 1754565222611, 'type': 0, 'topic': None, 'rate_limit_per_user': 0, 'position': 0, 'permission_overwrites': [{'type': 0, 'id': '1368864187341865010', 'deny': '1126451810140160', 'allow': '0'}], 'parent_id': '1368864187341865011', 'name': 'general-chat', 'last_message_id': '1401853112683331645', 'id': '1368896897464533114', 'flags': 0}, {'version': 1754564862889, 'type': 0, 'topic': None, 'rate_limit_per_user': 0, 'position': 3, 'permission_overwrites': [], 'parent_id': '1368864187341865011', 'name': 'archieveüîñ', 'last_message_id': '1405398010053001266', 'id': '1402638740501037178', 'flags': 0}, {'version': 1754555446512, 'type': 4, 'position': 0, 'permission_overwrites': [], 'name': 'GUIDES & ANNOUNCEMENT üí°', 'id': '1402931527716835348', 'flags': 0}, {'version': 1754564976194, 'user_limit': 0, 'type': 2, 'rtc_region': None, 'rate_limit_per_user': 0, 'position': 3, 'permission_overwrites': [], 'parent_id': '1368864187341865012', 'name': 'interrogation-roomüö®', 'last_message_id': None, 'id': '1402970537218670636', 'flags': 0, 'bitrate': 64000}, {'version': 1756554860290, 'type': 15, 'topic': None, 'template': '', 'rate_limit_per_user': 0, 'position': 0, 'permission_overwrites': [], 'parent_id': '1402931527716835348', 'name': 'announcementüîî', 'last_message_id': None, 'id': '1402970632735428729', 'flags': 0, 'default_tag_setting': 'match_some', 'available_tags': [{'name': 'Bot Update ü§ñ', 'moderated': True, 'id': '1411318117723803758', 'emoji_name': 'üìà', 'emoji_id': None, 'color': None}]}, {'version': 1756289728625, 'type': 15, 'topic': "**This server is where research-related posts and research summary are posted. Please comply to the following rules when posting on this server‚ùó:**\n1. No offensive content (üîû, political related , harassment, or unrelated contents about researches)\n2. Research paper must adhere fundamental rules that ensure clarity, credibility, ethics, and academic integrity üí°. \n3. Please use formal language in posts. Be concise, clear, and specific when asking a question. Remember to include explanations to glossary\n3. Please be kind and supportive to others üçÄ. Constructive feedbacks and opinions are encouraged! ‚≠ê\n-- Feel free to express opinion, feedback, and criticism within server's rules boundary. We appreciate your contribution to the community and look forward to seek knowledge together. Thank youüíñ--", 'template': '', 'rate_limit_per_user': 0, 'position': 1, 'permission_overwrites': [], 'parent_id': '1402931527716835348', 'name': 'discussionüó£Ô∏è', 'last_message_id': '1407251206329598072', 'id': '1402970746443268147', 'flags': 0, 'default_tag_setting': 'match_some', 'default_reaction_emoji': {'emoji_name': 'üëç', 'emoji_id': None}, 'available_tags': [{'name': 'Research Paper', 'moderated': False, 'id': '1407247088307404811', 'emoji_name': 'üì∞', 'emoji_id': None, 'color': None}, {'name': 'Academic-Related', 'moderated': False, 'id': '1407247132766769192', 'emoji_name': 'üí°', 'emoji_id': None, 'color': None}, {'name': 'Computer System', 'moderated': False, 'id': '1410206021766611016', 'emoji_name': 'üñ•Ô∏è', 'emoji_id': None, 'color': None}]}, {'version': 1754568885284, 'type': 0, 'topic': None, 'rate_limit_per_user': 0, 'position': 4, 'permission_overwrites': [{'type': 1, 'id': '1081959306339033228', 'deny': '0', 'allow': '1024'}, {'type': 1, 'id': '1399787438783729815', 'deny': '0', 'allow': '1024'}, {'type': 1, 'id': '1367507669690355825', 'deny': '0', 'allow': '1024'}, {'type': 0, 'id': '1368864187341865010', 'deny': '1024', 'allow': '0'}], 'parent_id': '1402931527716835348', 'name': 'bot-testing-lab', 'last_message_id': '1406661658390298706', 'id': '1402988334292140053', 'flags': 0}], 'discovery_splash': None, 'system_channel_flags': 0, 'owner_id': '896694238933291008', 'stickers': [], 'description': None, 'joined_at': '2025-05-06T05:51:52.572000+00:00', 'emojis': [{'version': 1757863812512, 'roles': [], 'require_colons': True, 'name': 'fdf03ea7d61d31f187017ed5df0effd5', 'managed': False, 'id': '1416808260845178961', 'available': True, 'animated': False}], 'member_count': 4, 'stage_instances': [], 'premium_progress_bar_enabled': False, 'explicit_content_filter': 0, 'default_message_notifications': 0, 'features': [], 'activity_instances': [], 'mfa_level': 0, 'rules_channel_id': None, 'owner_configured_content_level': 0, 'safety_alerts_channel_id': None, 'splash': None, 'max_stage_video_channel_users': 50, 'version': 1757863812526, 'voice_states': [], 'lazy': True, 'verification_level': 0, 'afk_timeout': 300, 'nsfw': False, 'application_command_counts': {}, 'region': 'deprecated', 'preferred_locale': 'en-US', 'incidents_data': None, 'roles': [{'version': 1746433054605, 'unicode_emoji': None, 'tags': {}, 'position': 0, 'permissions': '2248473465835073', 'name': '@everyone', 'mentionable': False, 'managed': False, 'id': '1368864187341865010', 'icon': None, 'hoist': False, 'flags': 0, 'colors': {'tertiary_color': None, 'secondary_color': None, 'primary_color': 0}, 'color': 0}, {'version': 1755582663394, 'unicode_emoji': None, 'tags': {'bot_id': '1081959306339033228'}, 'position': 2, 'permissions': '563276371324000', 'name': 'Research Paper Announcer', 'mentionable': False, 'managed': True, 'id': '1369189908383531071', 'icon': None, 'hoist': False, 'flags': 0, 'colors': {'tertiary_color': None, 'secondary_color': None, 'primary_color': 15277667}, 'color': 15277667}, {'version': 1755582754699, 'unicode_emoji': None, 'tags': {'bot_id': '1399787438783729815'}, 'position': 1, 'permissions': '563328179301408', 'name': 'Research Assistant', 'mentionable': False, 'managed': True, 'id': '1399958162123001928', 'icon': None, 'hoist': False, 'flags': 0, 'colors': {'tertiary_color': None, 'secondary_color': None, 'primary_color': 1752220}, 'color': 1752220}]}}
[2026-02-22 16:10:09] [DEBUG   ] discord.client: Dispatching event socket_event_type
[2026-02-22 16:10:09] [DEBUG   ] discord.gateway: For Shard ID None: WebSocket Event: {'t': 'GUILD_MEMBERS_CHUNK', 's': 3, 'op': 0, 'd': {'nonce': '08872d92af1c2f4c8d7bbbfe27a98dca', 'members': [{'user': {'username': 'leaveorillnuke', 'public_flags': 0, 'primary_guild': {'tag': None, 'identity_guild_id': '1009525727504384150', 'identity_enabled': None, 'badge': None}, 'id': '896694238933291008', 'global_name': 'tatatatatatata kururi', 'display_name_styles': None, 'display_name': 'tatatatatatata kururi', 'discriminator': '0', 'collectibles': None, 'bot': False, 'avatar_decoration_data': None, 'avatar': '2a03d5308eee0b0ddd7279042dc31eb0'}, 'roles': [], 'premium_since': None, 'pending': False, 'nick': None, 'mute': False, 'joined_at': '2025-05-05T08:17:34.555000+00:00', 'flags': 0, 'deaf': False, 'communication_disabled_until': None, 'banner': None, 'avatar': None}, {'user': {'username': 'Praseodymium‚Äìnickel (PrNi5)', 'public_flags': 0, 'primary_guild': None, 'id': '1081959306339033228', 'global_name': None, 'display_name_styles': None, 'display_name': None, 'discriminator': '7897', 'collectibles': None, 'bot': True, 'avatar_decoration_data': None, 'avatar': 'd6a2579e6b54740938d4c23c74851289'}, 'roles': ['1369189908383531071'], 'premium_since': None, 'pending': False, 'nick': None, 'mute': False, 'joined_at': '2025-05-06T05:51:52.572000+00:00', 'flags': 0, 'deaf': False, 'communication_disabled_until': None, 'banner': None, 'avatar': None}, {'user': {'username': 'thuadethier_96585', 'public_flags': 0, 'primary_guild': {'tag': 'NVDA', 'identity_guild_id': '185647255028629505', 'identity_enabled': True, 'badge': 'a8b3ee68e1bcaecf8b67e95a98feb9b7'}, 'id': '1367507669690355825', 'global_name': 'Thuadethiee', 'display_name_styles': None, 'display_name': 'Thuadethiee', 'discriminator': '0', 'collectibles': None, 'bot': False, 'avatar_decoration_data': None, 'avatar': '8569adcbd36c70a7578c017bf5604ea5'}, 'roles': [], 'premium_since': None, 'pending': False, 'nick': None, 'mute': False, 'joined_at': '2025-08-03T15:41:01.432000+00:00', 'flags': 0, 'deaf': False, 'communication_disabled_until': None, 'banner': None, 'avatar': None}, {'user': {'username': 'PhineX', 'public_flags': 0, 'primary_guild': None, 'id': '1399787438783729815', 'global_name': None, 'display_name_styles': None, 'display_name': None, 'discriminator': '2686', 'collectibles': None, 'bot': True, 'avatar_decoration_data': None, 'avatar': '9be9771541d37b6cfcf01852f4d994be'}, 'roles': ['1399958162123001928'], 'premium_since': None, 'pending': False, 'nick': None, 'mute': False, 'joined_at': '2025-07-30T03:33:55.843000+00:00', 'flags': 0, 'deaf': False, 'communication_disabled_until': None, 'banner': None, 'avatar': None}], 'guild_id': '1368864187341865010', 'chunk_index': 0, 'chunk_count': 1}}
[2026-02-22 16:10:09] [DEBUG   ] discord.client: Dispatching event socket_event_type
[2026-02-22 16:10:09] [DEBUG   ] discord.state: Processed a chunk for 4 members in guild ID 1368864187341865010.
[2026-02-22 16:10:11] [DEBUG   ] discord.client: Dispatching event guild_available
[2026-02-22 16:10:11] [DEBUG   ] discord.client: Dispatching event ready
[2026-02-22 16:10:21] [DEBUG   ] discord.gateway: For Shard ID None: WebSocket Event: {'t': 'TYPING_START', 's': 4, 'op': 0, 'd': {'user_id': '896694238933291008', 'timestamp': 1771751412, 'member': {'user': {'username': 'leaveorillnuke', 'public_flags': 0, 'primary_guild': {'tag': None, 'identity_guild_id': '1009525727504384150', 'identity_enabled': None, 'badge': None}, 'id': '896694238933291008', 'global_name': 'tatatatatatata kururi', 'display_name_styles': None, 'display_name': 'tatatatatatata kururi', 'discriminator': '0', 'collectibles': None, 'bot': False, 'avatar_decoration_data': None, 'avatar': '2a03d5308eee0b0ddd7279042dc31eb0'}, 'roles': [], 'premium_since': None, 'pending': False, 'nick': None, 'mute': False, 'joined_at': '2025-05-05T08:17:34.555000+00:00', 'flags': 0, 'deaf': False, 'communication_disabled_until': None, 'banner': None, 'avatar': None}, 'channel_id': '1402988334292140053', 'guild_id': '1368864187341865010'}}
[2026-02-22 16:10:21] [DEBUG   ] discord.client: Dispatching event socket_event_type
[2026-02-22 16:10:21] [DEBUG   ] discord.client: Dispatching event typing
[2026-02-22 16:10:21] [DEBUG   ] discord.client: Dispatching event raw_typing
[2026-02-22 16:10:50] [DEBUG   ] discord.gateway: Keeping shard ID None websocket alive with sequence 4.
[2026-02-22 16:10:50] [DEBUG   ] discord.gateway: For Shard ID None: WebSocket Event: {'t': None, 's': None, 'op': 11, 'd': None}
[2026-02-22 16:11:31] [DEBUG   ] discord.gateway: Keeping shard ID None websocket alive with sequence 4.
[2026-02-22 16:11:32] [DEBUG   ] discord.gateway: For Shard ID None: WebSocket Event: {'t': None, 's': None, 'op': 11, 'd': None}
[2026-02-22 16:12:13] [DEBUG   ] discord.gateway: Keeping shard ID None websocket alive with sequence 4.
[2026-02-22 16:12:13] [DEBUG   ] discord.gateway: For Shard ID None: WebSocket Event: {'t': None, 's': None, 'op': 11, 'd': None}
[2026-02-22 16:12:17] [DEBUG   ] discord.gateway: For Shard ID None: WebSocket Event: {'t': 'TYPING_START', 's': 5, 'op': 0, 'd': {'user_id': '896694238933291008', 'timestamp': 1771751527, 'member': {'user': {'username': 'leaveorillnuke', 'public_flags': 0, 'primary_guild': {'tag': None, 'identity_guild_id': '1009525727504384150', 'identity_enabled': None, 'badge': None}, 'id': '896694238933291008', 'global_name': 'tatatatatatata kururi', 'display_name_styles': None, 'display_name': 'tatatatatatata kururi', 'discriminator': '0', 'collectibles': None, 'bot': False, 'avatar_decoration_data': None, 'avatar': '2a03d5308eee0b0ddd7279042dc31eb0'}, 'roles': [], 'premium_since': None, 'pending': False, 'nick': None, 'mute': False, 'joined_at': '2025-05-05T08:17:34.555000+00:00', 'flags': 0, 'deaf': False, 'communication_disabled_until': None, 'banner': None, 'avatar': None}, 'channel_id': '1402988334292140053', 'guild_id': '1368864187341865010'}}
[2026-02-22 16:12:17] [DEBUG   ] discord.client: Dispatching event socket_event_type
[2026-02-22 16:12:17] [DEBUG   ] discord.client: Dispatching event typing
[2026-02-22 16:12:17] [DEBUG   ] discord.client: Dispatching event raw_typing
[2026-02-22 16:12:27] [DEBUG   ] discord.gateway: For Shard ID None: WebSocket Event: {'t': 'TYPING_START', 's': 6, 'op': 0, 'd': {'user_id': '896694238933291008', 'timestamp': 1771751537, 'member': {'user': {'username': 'leaveorillnuke', 'public_flags': 0, 'primary_guild': {'tag': None, 'identity_guild_id': '1009525727504384150', 'identity_enabled': None, 'badge': None}, 'id': '896694238933291008', 'global_name': 'tatatatatatata kururi', 'display_name_styles': None, 'display_name': 'tatatatatatata kururi', 'discriminator': '0', 'collectibles': None, 'bot': False, 'avatar_decoration_data': None, 'avatar': '2a03d5308eee0b0ddd7279042dc31eb0'}, 'roles': [], 'premium_since': None, 'pending': False, 'nick': None, 'mute': False, 'joined_at': '2025-05-05T08:17:34.555000+00:00', 'flags': 0, 'deaf': False, 'communication_disabled_until': None, 'banner': None, 'avatar': None}, 'channel_id': '1402988334292140053', 'guild_id': '1368864187341865010'}}
[2026-02-22 16:12:27] [DEBUG   ] discord.client: Dispatching event socket_event_type
[2026-02-22 16:12:27] [DEBUG   ] discord.client: Dispatching event typing
[2026-02-22 16:12:27] [DEBUG   ] discord.client: Dispatching event raw_typing
[2026-02-22 16:12:35] [DEBUG   ] discord.gateway: For Shard ID None: WebSocket Event: {'t': 'TYPING_START', 's': 7, 'op': 0, 'd': {'user_id': '896694238933291008', 'timestamp': 1771751546, 'member': {'user': {'username': 'leaveorillnuke', 'public_flags': 0, 'primary_guild': {'tag': None, 'identity_guild_id': '1009525727504384150', 'identity_enabled': None, 'badge': None}, 'id': '896694238933291008', 'global_name': 'tatatatatatata kururi', 'display_name_styles': None, 'display_name': 'tatatatatatata kururi', 'discriminator': '0', 'collectibles': None, 'bot': False, 'avatar_decoration_data': None, 'avatar': '2a03d5308eee0b0ddd7279042dc31eb0'}, 'roles': [], 'premium_since': None, 'pending': False, 'nick': None, 'mute': False, 'joined_at': '2025-05-05T08:17:34.555000+00:00', 'flags': 0, 'deaf': False, 'communication_disabled_until': None, 'banner': None, 'avatar': None}, 'channel_id': '1402988334292140053', 'guild_id': '1368864187341865010'}}
[2026-02-22 16:12:35] [DEBUG   ] discord.client: Dispatching event socket_event_type
[2026-02-22 16:12:35] [DEBUG   ] discord.client: Dispatching event typing
[2026-02-22 16:12:35] [DEBUG   ] discord.client: Dispatching event raw_typing
[2026-02-22 16:12:37] [DEBUG   ] discord.gateway: For Shard ID None: WebSocket Event: {'t': 'MESSAGE_CREATE', 's': 8, 'op': 0, 'd': {'type': 0, 'tts': False, 'timestamp': '2026-02-22T09:12:27.593000+00:00', 'pinned': False, 'nonce': '1475057681856200704', 'mentions': [], 'mention_roles': [], 'mention_everyone': False, 'member': {'roles': [], 'premium_since': None, 'pending': False, 'nick': None, 'mute': False, 'joined_at': '2025-05-05T08:17:34.555000+00:00', 'flags': 0, 'deaf': False, 'communication_disabled_until': None, 'banner': None, 'avatar': None}, 'id': '1475057644074172478', 'flags': 0, 'embeds': [], 'edited_timestamp': None, 'content': '!plot [15,442,123,3512,4142,13124,32125,53325]', 'components': [], 'channel_type': 0, 'channel_id': '1402988334292140053', 'author': {'username': 'leaveorillnuke', 'public_flags': 0, 'primary_guild': {'tag': None, 'identity_guild_id': '1009525727504384150', 'identity_enabled': None, 'badge': None}, 'id': '896694238933291008', 'global_name': 'tatatatatatata kururi', 'display_name_styles': None, 'discriminator': '0', 'collectibles': None, 'clan': {'tag': None, 'identity_guild_id': '1009525727504384150', 'identity_enabled': None, 'badge': None}, 'avatar_decoration_data': None, 'avatar': '2a03d5308eee0b0ddd7279042dc31eb0'}, 'attachments': [], 'guild_id': '1368864187341865010'}}
[2026-02-22 16:12:37] [DEBUG   ] discord.client: Dispatching event socket_event_type
[2026-02-22 16:12:37] [DEBUG   ] discord.client: Dispatching event message
[2026-02-22 16:12:37] [DEBUG   ] discord.client: Dispatching event command_error
[2026-02-22 16:12:37] [ERROR   ] discord.ext.commands.bot: Ignoring exception in command None
discord.ext.commands.errors.CommandNotFound: Command "plot" is not found
[2026-02-22 16:12:54] [DEBUG   ] discord.gateway: Keeping shard ID None websocket alive with sequence 8.
[2026-02-22 16:12:54] [DEBUG   ] discord.gateway: For Shard ID None: WebSocket Event: {'t': None, 's': None, 'op': 11, 'd': None}
[2026-02-22 16:13:25] [DEBUG   ] discord.gateway: For Shard ID None: WebSocket Event: {'t': 'TYPING_START', 's': 9, 'op': 0, 'd': {'user_id': '896694238933291008', 'timestamp': 1771751595, 'member': {'user': {'username': 'leaveorillnuke', 'public_flags': 0, 'primary_guild': {'tag': None, 'identity_guild_id': '1009525727504384150', 'identity_enabled': None, 'badge': None}, 'id': '896694238933291008', 'global_name': 'tatatatatatata kururi', 'display_name_styles': None, 'display_name': 'tatatatatatata kururi', 'discriminator': '0', 'collectibles': None, 'bot': False, 'avatar_decoration_data': None, 'avatar': '2a03d5308eee0b0ddd7279042dc31eb0'}, 'roles': [], 'premium_since': None, 'pending': False, 'nick': None, 'mute': False, 'joined_at': '2025-05-05T08:17:34.555000+00:00', 'flags': 0, 'deaf': False, 'communication_disabled_until': None, 'banner': None, 'avatar': None}, 'channel_id': '1368864187341865013', 'guild_id': '1368864187341865010'}}
[2026-02-22 16:13:25] [DEBUG   ] discord.client: Dispatching event socket_event_type
[2026-02-22 16:13:25] [DEBUG   ] discord.client: Dispatching event typing
[2026-02-22 16:13:25] [DEBUG   ] discord.client: Dispatching event raw_typing
[2026-02-22 16:13:31] [DEBUG   ] discord.gateway: For Shard ID None: WebSocket Event: {'t': 'MESSAGE_CREATE', 's': 10, 'op': 0, 'd': {'type': 0, 'tts': False, 'timestamp': '2026-02-22T09:13:21.899000+00:00', 'pinned': False, 'nonce': '1475057909976006656', 'mentions': [], 'mention_roles': [], 'mention_everyone': False, 'member': {'roles': [], 'premium_since': None, 'pending': False, 'nick': None, 'mute': False, 'joined_at': '2025-05-05T08:17:34.555000+00:00', 'flags': 0, 'deaf': False, 'communication_disabled_until': None, 'banner': None, 'avatar': None}, 'id': '1475057871849787535', 'flags': 0, 'embeds': [], 'edited_timestamp': None, 'content': '!wplot [15,442,123,3512,4142,13124,32125,53325]', 'components': [], 'channel_type': 0, 'channel_id': '1368864187341865013', 'author': {'username': 'leaveorillnuke', 'public_flags': 0, 'primary_guild': {'tag': None, 'identity_guild_id': '1009525727504384150', 'identity_enabled': None, 'badge': None}, 'id': '896694238933291008', 'global_name': 'tatatatatatata kururi', 'display_name_styles': None, 'discriminator': '0', 'collectibles': None, 'clan': {'tag': None, 'identity_guild_id': '1009525727504384150', 'identity_enabled': None, 'badge': None}, 'avatar_decoration_data': None, 'avatar': '2a03d5308eee0b0ddd7279042dc31eb0'}, 'attachments': [], 'guild_id': '1368864187341865010'}}
[2026-02-22 16:13:31] [DEBUG   ] discord.client: Dispatching event socket_event_type
[2026-02-22 16:13:31] [DEBUG   ] discord.client: Dispatching event message
[2026-02-22 16:13:31] [DEBUG   ] discord.client: Dispatching event command
[2026-02-22 16:13:31] [DEBUG   ] discord.client: Dispatching event command_error
[2026-02-22 16:13:31] [ERROR   ] discord.ext.commands.bot: Ignoring exception in command wplot
Traceback (most recent call last):
  File "D:\Discord Projects\.venv\Lib\site-packages\discord\ext\commands\core.py", line 266, in wrapped
    ret = await coro(*args, **kwargs)
          ^^^^^^^^^^^^^^^^^^^^^^^^^^^
  File "d:\Discord Projects\PrNi5\Main.py", line 48, in wplot
    from Utils.PlotCommand import Molecular_weight_plot
  File "d:\Discord Projects\PrNi5\Utils\PlotCommand.py", line 1, in <module>
    import matplotlib.pyplot as plt
ModuleNotFoundError: No module named 'matplotlib'

The above exception was the direct cause of the following exception:

Traceback (most recent call last):
  File "D:\Discord Projects\.venv\Lib\site-packages\discord\ext\commands\bot.py", line 1376, in invoke
    await ctx.command.invoke(ctx)
  File "D:\Discord Projects\.venv\Lib\site-packages\discord\ext\commands\core.py", line 1064, in invoke
    await injected(*ctx.args, **ctx.kwargs)  # type: ignore
    ^^^^^^^^^^^^^^^^^^^^^^^^^^^^^^^^^^^^^^^
  File "D:\Discord Projects\.venv\Lib\site-packages\discord\ext\commands\core.py", line 275, in wrapped
    raise CommandInvokeError(exc) from exc
discord.ext.commands.errors.CommandInvokeError: Command raised an exception: ModuleNotFoundError: No module named 'matplotlib'
[2026-02-22 16:13:35] [DEBUG   ] discord.gateway: Keeping shard ID None websocket alive with sequence 10.
[2026-02-22 16:13:35] [DEBUG   ] discord.gateway: For Shard ID None: WebSocket Event: {'t': None, 's': None, 'op': 11, 'd': None}
[2026-02-22 16:14:16] [DEBUG   ] discord.gateway: Keeping shard ID None websocket alive with sequence 10.
[2026-02-22 16:14:17] [DEBUG   ] discord.gateway: For Shard ID None: WebSocket Event: {'t': None, 's': None, 'op': 11, 'd': None}
[2026-02-22 16:14:58] [DEBUG   ] discord.gateway: Keeping shard ID None websocket alive with sequence 10.
[2026-02-22 16:14:58] [DEBUG   ] discord.gateway: For Shard ID None: WebSocket Event: {'t': None, 's': None, 'op': 11, 'd': None}
[2026-02-22 16:14:58] [DEBUG   ] discord.gateway: For Shard ID None: WebSocket Event: {'t': 'TYPING_START', 's': 11, 'op': 0, 'd': {'user_id': '896694238933291008', 'timestamp': 1771751689, 'member': {'user': {'username': 'leaveorillnuke', 'public_flags': 0, 'primary_guild': {'tag': None, 'identity_guild_id': '1009525727504384150', 'identity_enabled': None, 'badge': None}, 'id': '896694238933291008', 'global_name': 'tatatatatatata kururi', 'display_name_styles': None, 'display_name': 'tatatatatatata kururi', 'discriminator': '0', 'collectibles': None, 'bot': False, 'avatar_decoration_data': None, 'avatar': '2a03d5308eee0b0ddd7279042dc31eb0'}, 'roles': [], 'premium_since': None, 'pending': False, 'nick': None, 'mute': False, 'joined_at': '2025-05-05T08:17:34.555000+00:00', 'flags': 0, 'deaf': False, 'communication_disabled_until': None, 'banner': None, 'avatar': None}, 'channel_id': '1368864187341865013', 'guild_id': '1368864187341865010'}}
[2026-02-22 16:14:58] [DEBUG   ] discord.client: Dispatching event socket_event_type
[2026-02-22 16:14:58] [DEBUG   ] discord.client: Dispatching event typing
[2026-02-22 16:14:58] [DEBUG   ] discord.client: Dispatching event raw_typing
[2026-02-22 16:15:01] [DEBUG   ] discord.gateway: For Shard ID None: WebSocket Event: {'t': 'MESSAGE_CREATE', 's': 12, 'op': 0, 'd': {'type': 0, 'tts': False, 'timestamp': '2026-02-22T09:14:51.840000+00:00', 'pinned': False, 'nonce': '1475058286700003328', 'mentions': [], 'mention_roles': [], 'mention_everyone': False, 'member': {'roles': [], 'premium_since': None, 'pending': False, 'nick': None, 'mute': False, 'joined_at': '2025-05-05T08:17:34.555000+00:00', 'flags': 0, 'deaf': False, 'communication_disabled_until': None, 'banner': None, 'avatar': None}, 'id': '1475058249089683607', 'flags': 0, 'embeds': [], 'edited_timestamp': None, 'content': '!wplot [27,763,225]', 'components': [], 'channel_type': 0, 'channel_id': '1368864187341865013', 'author': {'username': 'leaveorillnuke', 'public_flags': 0, 'primary_guild': {'tag': None, 'identity_guild_id': '1009525727504384150', 'identity_enabled': None, 'badge': None}, 'id': '896694238933291008', 'global_name': 'tatatatatatata kururi', 'display_name_styles': None, 'discriminator': '0', 'collectibles': None, 'clan': {'tag': None, 'identity_guild_id': '1009525727504384150', 'identity_enabled': None, 'badge': None}, 'avatar_decoration_data': None, 'avatar': '2a03d5308eee0b0ddd7279042dc31eb0'}, 'attachments': [], 'guild_id': '1368864187341865010'}}
[2026-02-22 16:15:01] [DEBUG   ] discord.client: Dispatching event socket_event_type
[2026-02-22 16:15:01] [DEBUG   ] discord.client: Dispatching event message
[2026-02-22 16:15:01] [DEBUG   ] discord.client: Dispatching event command
[2026-02-22 16:15:01] [DEBUG   ] discord.client: Dispatching event command_error
[2026-02-22 16:15:01] [ERROR   ] discord.ext.commands.bot: Ignoring exception in command wplot
Traceback (most recent call last):
  File "D:\Discord Projects\.venv\Lib\site-packages\discord\ext\commands\core.py", line 266, in wrapped
    ret = await coro(*args, **kwargs)
          ^^^^^^^^^^^^^^^^^^^^^^^^^^^
  File "d:\Discord Projects\PrNi5\Main.py", line 48, in wplot
    from Utils.PlotCommand import Molecular_weight_plot
  File "d:\Discord Projects\PrNi5\Utils\PlotCommand.py", line 1, in <module>
    import matplotlib.pyplot as plt
ModuleNotFoundError: No module named 'matplotlib'

The above exception was the direct cause of the following exception:

Traceback (most recent call last):
  File "D:\Discord Projects\.venv\Lib\site-packages\discord\ext\commands\bot.py", line 1376, in invoke
    await ctx.command.invoke(ctx)
  File "D:\Discord Projects\.venv\Lib\site-packages\discord\ext\commands\core.py", line 1064, in invoke
    await injected(*ctx.args, **ctx.kwargs)  # type: ignore
    ^^^^^^^^^^^^^^^^^^^^^^^^^^^^^^^^^^^^^^^
  File "D:\Discord Projects\.venv\Lib\site-packages\discord\ext\commands\core.py", line 275, in wrapped
    raise CommandInvokeError(exc) from exc
discord.ext.commands.errors.CommandInvokeError: Command raised an exception: ModuleNotFoundError: No module named 'matplotlib'
